2017-03-07 10:16:45.745 [error] <0.170.0> CRASH REPORT Process <0.170.0> with 0 neighbours exited with reason: no match of right hand value {error,einval} in of_driver_connection:init/1 line 90 in gen_server:init_it/6 line 352
2017-03-07 10:16:45.746 [error] <0.162.0> Supervisor of_driver_connection_sup had child undefined started with {of_driver_connection,start_link,undefined} at <0.170.0> exit with reason no match of right hand value {error,einval} in of_driver_connection:init/1 line 90 in context child_terminated
2017-03-07 11:32:50.586 [error] <0.171.0> gen_server <0.171.0> terminated with reason: no function clause matching ofs_handler_driver:terminate(driver_closed_connection, undefined) line 90
2017-03-07 11:32:50.586 [error] <0.171.0> CRASH REPORT Process <0.171.0> with 0 neighbours exited with reason: no function clause matching ofs_handler_driver:terminate(driver_closed_connection, undefined) line 90 in gen_server:terminate/7 line 814
2017-03-07 11:32:50.587 [error] <0.166.0> Supervisor of_driver_connection_sup had child undefined started with {of_driver_connection,start_link,undefined} at <0.171.0> exit with reason no function clause matching ofs_handler_driver:terminate(driver_closed_connection, undefined) line 90 in context child_terminated
2017-03-07 11:32:58.514 [error] <0.172.0> gen_server <0.172.0> terminated with reason: no function clause matching ofs_handler_driver:terminate(driver_closed_connection, undefined) line 90
2017-03-07 11:32:58.514 [error] <0.172.0> CRASH REPORT Process <0.172.0> with 0 neighbours exited with reason: no function clause matching ofs_handler_driver:terminate(driver_closed_connection, undefined) line 90 in gen_server:terminate/7 line 814
2017-03-07 11:32:58.514 [error] <0.166.0> Supervisor of_driver_connection_sup had child undefined started with {of_driver_connection,start_link,undefined} at <0.172.0> exit with reason no function clause matching ofs_handler_driver:terminate(driver_closed_connection, undefined) line 90 in context child_terminated
2017-03-07 11:33:06.514 [error] <0.173.0> gen_server <0.173.0> terminated with reason: no function clause matching ofs_handler_driver:terminate(driver_closed_connection, undefined) line 90
2017-03-07 11:33:06.514 [error] <0.173.0> CRASH REPORT Process <0.173.0> with 0 neighbours exited with reason: no function clause matching ofs_handler_driver:terminate(driver_closed_connection, undefined) line 90 in gen_server:terminate/7 line 814
2017-03-07 11:33:06.514 [error] <0.166.0> Supervisor of_driver_connection_sup had child undefined started with {of_driver_connection,start_link,undefined} at <0.173.0> exit with reason no function clause matching ofs_handler_driver:terminate(driver_closed_connection, undefined) line 90 in context child_terminated
2017-03-07 11:33:14.514 [error] <0.174.0> gen_server <0.174.0> terminated with reason: no function clause matching ofs_handler_driver:terminate(driver_closed_connection, undefined) line 90
2017-03-07 11:33:14.514 [error] <0.174.0> CRASH REPORT Process <0.174.0> with 0 neighbours exited with reason: no function clause matching ofs_handler_driver:terminate(driver_closed_connection, undefined) line 90 in gen_server:terminate/7 line 814
2017-03-07 11:33:14.515 [error] <0.166.0> Supervisor of_driver_connection_sup had child undefined started with {of_driver_connection,start_link,undefined} at <0.174.0> exit with reason no function clause matching ofs_handler_driver:terminate(driver_closed_connection, undefined) line 90 in context child_terminated
2017-03-07 11:33:22.514 [error] <0.175.0> gen_server <0.175.0> terminated with reason: no function clause matching ofs_handler_driver:terminate(driver_closed_connection, undefined) line 90
2017-03-07 11:33:22.515 [error] <0.175.0> CRASH REPORT Process <0.175.0> with 0 neighbours exited with reason: no function clause matching ofs_handler_driver:terminate(driver_closed_connection, undefined) line 90 in gen_server:terminate/7 line 814
2017-03-07 11:33:22.515 [error] <0.166.0> Supervisor of_driver_connection_sup had child undefined started with {of_driver_connection,start_link,undefined} at <0.175.0> exit with reason no function clause matching ofs_handler_driver:terminate(driver_closed_connection, undefined) line 90 in context child_terminated
2017-03-07 11:33:30.514 [error] <0.176.0> gen_server <0.176.0> terminated with reason: no function clause matching ofs_handler_driver:terminate(driver_closed_connection, undefined) line 90
2017-03-07 11:33:30.514 [error] <0.176.0> CRASH REPORT Process <0.176.0> with 0 neighbours exited with reason: no function clause matching ofs_handler_driver:terminate(driver_closed_connection, undefined) line 90 in gen_server:terminate/7 line 814
2017-03-07 11:33:30.514 [error] <0.166.0> Supervisor of_driver_connection_sup had child undefined started with {of_driver_connection,start_link,undefined} at <0.176.0> exit with reason no function clause matching ofs_handler_driver:terminate(driver_closed_connection, undefined) line 90 in context child_terminated
2017-03-07 11:33:38.514 [error] <0.177.0> gen_server <0.177.0> terminated with reason: no function clause matching ofs_handler_driver:terminate(driver_closed_connection, undefined) line 90
2017-03-07 11:33:38.514 [error] <0.177.0> CRASH REPORT Process <0.177.0> with 0 neighbours exited with reason: no function clause matching ofs_handler_driver:terminate(driver_closed_connection, undefined) line 90 in gen_server:terminate/7 line 814
2017-03-07 11:33:38.515 [error] <0.166.0> Supervisor of_driver_connection_sup had child undefined started with {of_driver_connection,start_link,undefined} at <0.177.0> exit with reason no function clause matching ofs_handler_driver:terminate(driver_closed_connection, undefined) line 90 in context child_terminated
2017-03-07 11:33:46.513 [error] <0.178.0> gen_server <0.178.0> terminated with reason: no function clause matching ofs_handler_driver:terminate(driver_closed_connection, undefined) line 90
2017-03-07 11:33:46.514 [error] <0.178.0> CRASH REPORT Process <0.178.0> with 0 neighbours exited with reason: no function clause matching ofs_handler_driver:terminate(driver_closed_connection, undefined) line 90 in gen_server:terminate/7 line 814
2017-03-07 11:33:46.514 [error] <0.166.0> Supervisor of_driver_connection_sup had child undefined started with {of_driver_connection,start_link,undefined} at <0.178.0> exit with reason no function clause matching ofs_handler_driver:terminate(driver_closed_connection, undefined) line 90 in context child_terminated
2017-03-07 11:33:54.514 [error] <0.181.0> gen_server <0.181.0> terminated with reason: no function clause matching ofs_handler_driver:terminate(driver_closed_connection, undefined) line 90
2017-03-07 11:33:54.514 [error] <0.181.0> CRASH REPORT Process <0.181.0> with 0 neighbours exited with reason: no function clause matching ofs_handler_driver:terminate(driver_closed_connection, undefined) line 90 in gen_server:terminate/7 line 814
2017-03-07 11:33:54.514 [error] <0.166.0> Supervisor of_driver_connection_sup had child undefined started with {of_driver_connection,start_link,undefined} at <0.181.0> exit with reason no function clause matching ofs_handler_driver:terminate(driver_closed_connection, undefined) line 90 in context child_terminated
2017-03-07 11:34:02.513 [error] <0.182.0> gen_server <0.182.0> terminated with reason: no function clause matching ofs_handler_driver:terminate(driver_closed_connection, undefined) line 90
2017-03-07 11:34:02.514 [error] <0.182.0> CRASH REPORT Process <0.182.0> with 0 neighbours exited with reason: no function clause matching ofs_handler_driver:terminate(driver_closed_connection, undefined) line 90 in gen_server:terminate/7 line 814
2017-03-07 11:34:02.514 [error] <0.166.0> Supervisor of_driver_connection_sup had child undefined started with {of_driver_connection,start_link,undefined} at <0.182.0> exit with reason no function clause matching ofs_handler_driver:terminate(driver_closed_connection, undefined) line 90 in context child_terminated
2017-03-07 11:34:10.521 [error] <0.191.0> gen_server <0.191.0> terminated with reason: no case clause matching <<"{:ok, '00:00:00:00:00:00:00:01'}">> in ofs_handler_logic:handle_call/3 line 173
2017-03-07 11:34:10.521 [error] <0.191.0> CRASH REPORT Process <0.191.0> with 0 neighbours exited with reason: no case clause matching <<"{:ok, '00:00:00:00:00:00:00:01'}">> in ofs_handler_logic:handle_call/3 line 173 in gen_server:terminate/7 line 826
2017-03-07 11:34:10.522 [error] <0.187.0> Supervisor ofs_handler_logic_sup had child undefined started with {ofs_handler_logic,start_link,undefined} at <0.191.0> exit with reason no case clause matching <<"{:ok, '00:00:00:00:00:00:00:01'}">> in ofs_handler_logic:handle_call/3 line 173 in context child_terminated
2017-03-07 11:34:10.522 [error] <0.190.0> gen_server <0.190.0> terminated with reason: no function clause matching ofs_handler_driver:terminate(driver_closed_connection, undefined) line 90
2017-03-07 11:34:10.522 [error] <0.190.0> CRASH REPORT Process <0.190.0> with 0 neighbours exited with reason: no function clause matching ofs_handler_driver:terminate(driver_closed_connection, undefined) line 90 in gen_server:terminate/7 line 814
2017-03-07 11:34:10.522 [error] <0.166.0> Supervisor of_driver_connection_sup had child undefined started with {of_driver_connection,start_link,undefined} at <0.190.0> exit with reason no function clause matching ofs_handler_driver:terminate(driver_closed_connection, undefined) line 90 in context child_terminated
2017-03-07 11:34:18.512 [error] <0.192.0> gen_server <0.192.0> terminated with reason: no function clause matching ofs_handler_driver:terminate(driver_closed_connection, undefined) line 90
2017-03-07 11:34:18.513 [error] <0.192.0> CRASH REPORT Process <0.192.0> with 0 neighbours exited with reason: no function clause matching ofs_handler_driver:terminate(driver_closed_connection, undefined) line 90 in gen_server:terminate/7 line 814
2017-03-07 11:34:18.513 [error] <0.166.0> Supervisor of_driver_connection_sup had child undefined started with {of_driver_connection,start_link,undefined} at <0.192.0> exit with reason no function clause matching ofs_handler_driver:terminate(driver_closed_connection, undefined) line 90 in context child_terminated
2017-03-07 11:34:26.513 [error] <0.194.0> gen_server <0.194.0> terminated with reason: no case clause matching <<"{:ok, '00:00:00:00:00:00:00:01'}">> in ofs_handler_logic:handle_call/3 line 173
2017-03-07 11:34:26.513 [error] <0.194.0> CRASH REPORT Process <0.194.0> with 0 neighbours exited with reason: no case clause matching <<"{:ok, '00:00:00:00:00:00:00:01'}">> in ofs_handler_logic:handle_call/3 line 173 in gen_server:terminate/7 line 826
2017-03-07 11:34:26.514 [error] <0.187.0> Supervisor ofs_handler_logic_sup had child undefined started with {ofs_handler_logic,start_link,undefined} at <0.194.0> exit with reason no case clause matching <<"{:ok, '00:00:00:00:00:00:00:01'}">> in ofs_handler_logic:handle_call/3 line 173 in context child_terminated
2017-03-07 11:34:26.514 [error] <0.193.0> gen_server <0.193.0> terminated with reason: no function clause matching ofs_handler_driver:terminate(driver_closed_connection, undefined) line 90
2017-03-07 11:34:26.514 [error] <0.193.0> CRASH REPORT Process <0.193.0> with 0 neighbours exited with reason: no function clause matching ofs_handler_driver:terminate(driver_closed_connection, undefined) line 90 in gen_server:terminate/7 line 814
2017-03-07 11:34:26.515 [error] <0.166.0> Supervisor of_driver_connection_sup had child undefined started with {of_driver_connection,start_link,undefined} at <0.193.0> exit with reason no function clause matching ofs_handler_driver:terminate(driver_closed_connection, undefined) line 90 in context child_terminated
2017-03-07 11:34:34.514 [error] <0.195.0> gen_server <0.195.0> terminated with reason: no function clause matching ofs_handler_driver:terminate(driver_closed_connection, undefined) line 90
2017-03-07 11:34:34.514 [error] <0.195.0> CRASH REPORT Process <0.195.0> with 0 neighbours exited with reason: no function clause matching ofs_handler_driver:terminate(driver_closed_connection, undefined) line 90 in gen_server:terminate/7 line 814
2017-03-07 11:34:34.514 [error] <0.166.0> Supervisor of_driver_connection_sup had child undefined started with {of_driver_connection,start_link,undefined} at <0.195.0> exit with reason no function clause matching ofs_handler_driver:terminate(driver_closed_connection, undefined) line 90 in context child_terminated
2017-03-07 11:35:39.501 [error] <0.199.0> gen_server <0.199.0> terminated with reason: no function clause matching ofs_handler_driver:terminate(driver_closed_connection, undefined) line 90
2017-03-07 11:35:39.502 [error] <0.199.0> CRASH REPORT Process <0.199.0> with 0 neighbours exited with reason: no function clause matching ofs_handler_driver:terminate(driver_closed_connection, undefined) line 90 in gen_server:terminate/7 line 814
2017-03-07 11:35:39.502 [error] <0.166.0> Supervisor of_driver_connection_sup had child undefined started with {of_driver_connection,start_link,undefined} at <0.199.0> exit with reason no function clause matching ofs_handler_driver:terminate(driver_closed_connection, undefined) line 90 in context child_terminated
2017-03-07 11:35:39.811 [error] <0.201.0> gen_server <0.201.0> terminated with reason: no case clause matching <<"{:ok, '00:00:00:00:00:00:00:01'}">> in ofs_handler_logic:handle_call/3 line 173
2017-03-07 11:35:39.811 [error] <0.201.0> CRASH REPORT Process <0.201.0> with 0 neighbours exited with reason: no case clause matching <<"{:ok, '00:00:00:00:00:00:00:01'}">> in ofs_handler_logic:handle_call/3 line 173 in gen_server:terminate/7 line 826
2017-03-07 11:35:39.811 [error] <0.187.0> Supervisor ofs_handler_logic_sup had child undefined started with {ofs_handler_logic,start_link,undefined} at <0.201.0> exit with reason no case clause matching <<"{:ok, '00:00:00:00:00:00:00:01'}">> in ofs_handler_logic:handle_call/3 line 173 in context child_terminated
2017-03-07 11:35:39.811 [error] <0.200.0> gen_server <0.200.0> terminated with reason: no function clause matching ofs_handler_driver:terminate(driver_closed_connection, undefined) line 90
2017-03-07 11:35:39.811 [error] <0.200.0> CRASH REPORT Process <0.200.0> with 0 neighbours exited with reason: no function clause matching ofs_handler_driver:terminate(driver_closed_connection, undefined) line 90 in gen_server:terminate/7 line 814
2017-03-07 11:35:39.811 [error] <0.166.0> Supervisor of_driver_connection_sup had child undefined started with {of_driver_connection,start_link,undefined} at <0.200.0> exit with reason no function clause matching ofs_handler_driver:terminate(driver_closed_connection, undefined) line 90 in context child_terminated
2017-03-07 11:35:40.513 [error] <0.202.0> gen_server <0.202.0> terminated with reason: no function clause matching ofs_handler_driver:terminate(driver_closed_connection, undefined) line 90
2017-03-07 11:35:40.513 [error] <0.202.0> CRASH REPORT Process <0.202.0> with 0 neighbours exited with reason: no function clause matching ofs_handler_driver:terminate(driver_closed_connection, undefined) line 90 in gen_server:terminate/7 line 814
2017-03-07 11:35:40.513 [error] <0.166.0> Supervisor of_driver_connection_sup had child undefined started with {of_driver_connection,start_link,undefined} at <0.202.0> exit with reason no function clause matching ofs_handler_driver:terminate(driver_closed_connection, undefined) line 90 in context child_terminated
2017-03-07 11:35:42.514 [error] <0.204.0> gen_server <0.204.0> terminated with reason: no case clause matching <<"{:ok, '00:00:00:00:00:00:00:01'}">> in ofs_handler_logic:handle_call/3 line 173
2017-03-07 11:35:42.515 [error] <0.204.0> CRASH REPORT Process <0.204.0> with 0 neighbours exited with reason: no case clause matching <<"{:ok, '00:00:00:00:00:00:00:01'}">> in ofs_handler_logic:handle_call/3 line 173 in gen_server:terminate/7 line 826
2017-03-07 11:35:42.515 [error] <0.187.0> Supervisor ofs_handler_logic_sup had child undefined started with {ofs_handler_logic,start_link,undefined} at <0.204.0> exit with reason no case clause matching <<"{:ok, '00:00:00:00:00:00:00:01'}">> in ofs_handler_logic:handle_call/3 line 173 in context child_terminated
2017-03-07 11:35:42.515 [error] <0.203.0> gen_server <0.203.0> terminated with reason: no function clause matching ofs_handler_driver:terminate(driver_closed_connection, undefined) line 90
2017-03-07 11:35:42.516 [error] <0.203.0> CRASH REPORT Process <0.203.0> with 0 neighbours exited with reason: no function clause matching ofs_handler_driver:terminate(driver_closed_connection, undefined) line 90 in gen_server:terminate/7 line 814
2017-03-07 11:35:42.516 [error] <0.166.0> Supervisor of_driver_connection_sup had child undefined started with {of_driver_connection,start_link,undefined} at <0.203.0> exit with reason no function clause matching ofs_handler_driver:terminate(driver_closed_connection, undefined) line 90 in context child_terminated
2017-03-07 11:35:46.517 [error] <0.205.0> gen_server <0.205.0> terminated with reason: no function clause matching ofs_handler_driver:terminate(driver_closed_connection, undefined) line 90
2017-03-07 11:35:46.517 [error] <0.205.0> CRASH REPORT Process <0.205.0> with 0 neighbours exited with reason: no function clause matching ofs_handler_driver:terminate(driver_closed_connection, undefined) line 90 in gen_server:terminate/7 line 814
2017-03-07 11:35:46.518 [error] <0.166.0> Supervisor of_driver_connection_sup had child undefined started with {of_driver_connection,start_link,undefined} at <0.205.0> exit with reason no function clause matching ofs_handler_driver:terminate(driver_closed_connection, undefined) line 90 in context child_terminated
2017-03-07 11:35:54.513 [error] <0.208.0> gen_server <0.208.0> terminated with reason: no case clause matching <<"{:ok, '00:00:00:00:00:00:00:01'}">> in ofs_handler_logic:handle_call/3 line 173
2017-03-07 11:35:54.513 [error] <0.208.0> CRASH REPORT Process <0.208.0> with 0 neighbours exited with reason: no case clause matching <<"{:ok, '00:00:00:00:00:00:00:01'}">> in ofs_handler_logic:handle_call/3 line 173 in gen_server:terminate/7 line 826
2017-03-07 11:35:54.514 [error] <0.187.0> Supervisor ofs_handler_logic_sup had child undefined started with {ofs_handler_logic,start_link,undefined} at <0.208.0> exit with reason no case clause matching <<"{:ok, '00:00:00:00:00:00:00:01'}">> in ofs_handler_logic:handle_call/3 line 173 in context child_terminated
2017-03-07 11:35:54.514 [error] <0.207.0> gen_server <0.207.0> terminated with reason: no function clause matching ofs_handler_driver:terminate(driver_closed_connection, undefined) line 90
2017-03-07 11:35:54.514 [error] <0.207.0> CRASH REPORT Process <0.207.0> with 0 neighbours exited with reason: no function clause matching ofs_handler_driver:terminate(driver_closed_connection, undefined) line 90 in gen_server:terminate/7 line 814
2017-03-07 11:35:54.515 [error] <0.166.0> Supervisor of_driver_connection_sup had child undefined started with {of_driver_connection,start_link,undefined} at <0.207.0> exit with reason no function clause matching ofs_handler_driver:terminate(driver_closed_connection, undefined) line 90 in context child_terminated
2017-03-07 11:36:02.514 [error] <0.209.0> gen_server <0.209.0> terminated with reason: no function clause matching ofs_handler_driver:terminate(driver_closed_connection, undefined) line 90
2017-03-07 11:36:02.514 [error] <0.209.0> CRASH REPORT Process <0.209.0> with 0 neighbours exited with reason: no function clause matching ofs_handler_driver:terminate(driver_closed_connection, undefined) line 90 in gen_server:terminate/7 line 814
2017-03-07 11:36:02.514 [error] <0.166.0> Supervisor of_driver_connection_sup had child undefined started with {of_driver_connection,start_link,undefined} at <0.209.0> exit with reason no function clause matching ofs_handler_driver:terminate(driver_closed_connection, undefined) line 90 in context child_terminated
2017-03-07 11:36:10.513 [error] <0.211.0> gen_server <0.211.0> terminated with reason: no case clause matching <<"{:ok, '00:00:00:00:00:00:00:01'}">> in ofs_handler_logic:handle_call/3 line 173
2017-03-07 11:36:10.513 [error] <0.211.0> CRASH REPORT Process <0.211.0> with 0 neighbours exited with reason: no case clause matching <<"{:ok, '00:00:00:00:00:00:00:01'}">> in ofs_handler_logic:handle_call/3 line 173 in gen_server:terminate/7 line 826
2017-03-07 11:36:10.514 [error] <0.187.0> Supervisor ofs_handler_logic_sup had child undefined started with {ofs_handler_logic,start_link,undefined} at <0.211.0> exit with reason no case clause matching <<"{:ok, '00:00:00:00:00:00:00:01'}">> in ofs_handler_logic:handle_call/3 line 173 in context child_terminated
2017-03-07 11:36:10.514 [error] <0.210.0> gen_server <0.210.0> terminated with reason: no function clause matching ofs_handler_driver:terminate(driver_closed_connection, undefined) line 90
2017-03-07 11:36:10.515 [error] <0.210.0> CRASH REPORT Process <0.210.0> with 0 neighbours exited with reason: no function clause matching ofs_handler_driver:terminate(driver_closed_connection, undefined) line 90 in gen_server:terminate/7 line 814
2017-03-07 11:36:10.515 [error] <0.166.0> Supervisor of_driver_connection_sup had child undefined started with {of_driver_connection,start_link,undefined} at <0.210.0> exit with reason no function clause matching ofs_handler_driver:terminate(driver_closed_connection, undefined) line 90 in context child_terminated
2017-03-07 11:36:18.514 [error] <0.212.0> gen_server <0.212.0> terminated with reason: no function clause matching ofs_handler_driver:terminate(driver_closed_connection, undefined) line 90
2017-03-07 11:36:18.514 [error] <0.212.0> CRASH REPORT Process <0.212.0> with 0 neighbours exited with reason: no function clause matching ofs_handler_driver:terminate(driver_closed_connection, undefined) line 90 in gen_server:terminate/7 line 814
2017-03-07 11:36:18.515 [error] <0.166.0> Supervisor of_driver_connection_sup had child undefined started with {of_driver_connection,start_link,undefined} at <0.212.0> exit with reason no function clause matching ofs_handler_driver:terminate(driver_closed_connection, undefined) line 90 in context child_terminated
2017-03-07 11:36:26.516 [error] <0.214.0> gen_server <0.214.0> terminated with reason: no case clause matching <<"{:ok, '00:00:00:00:00:00:00:01'}">> in ofs_handler_logic:handle_call/3 line 173
2017-03-07 11:36:26.517 [error] <0.214.0> CRASH REPORT Process <0.214.0> with 0 neighbours exited with reason: no case clause matching <<"{:ok, '00:00:00:00:00:00:00:01'}">> in ofs_handler_logic:handle_call/3 line 173 in gen_server:terminate/7 line 826
2017-03-07 11:36:26.517 [error] <0.187.0> Supervisor ofs_handler_logic_sup had child undefined started with {ofs_handler_logic,start_link,undefined} at <0.214.0> exit with reason no case clause matching <<"{:ok, '00:00:00:00:00:00:00:01'}">> in ofs_handler_logic:handle_call/3 line 173 in context child_terminated
2017-03-07 11:36:26.518 [error] <0.213.0> gen_server <0.213.0> terminated with reason: no function clause matching ofs_handler_driver:terminate(driver_closed_connection, undefined) line 90
2017-03-07 11:36:26.518 [error] <0.213.0> CRASH REPORT Process <0.213.0> with 0 neighbours exited with reason: no function clause matching ofs_handler_driver:terminate(driver_closed_connection, undefined) line 90 in gen_server:terminate/7 line 814
2017-03-07 11:36:26.518 [error] <0.166.0> Supervisor of_driver_connection_sup had child undefined started with {of_driver_connection,start_link,undefined} at <0.213.0> exit with reason no function clause matching ofs_handler_driver:terminate(driver_closed_connection, undefined) line 90 in context child_terminated
2017-03-07 11:36:34.513 [error] <0.215.0> gen_server <0.215.0> terminated with reason: no function clause matching ofs_handler_driver:terminate(driver_closed_connection, undefined) line 90
2017-03-07 11:36:34.513 [error] <0.215.0> CRASH REPORT Process <0.215.0> with 0 neighbours exited with reason: no function clause matching ofs_handler_driver:terminate(driver_closed_connection, undefined) line 90 in gen_server:terminate/7 line 814
2017-03-07 11:36:34.514 [error] <0.166.0> Supervisor of_driver_connection_sup had child undefined started with {of_driver_connection,start_link,undefined} at <0.215.0> exit with reason no function clause matching ofs_handler_driver:terminate(driver_closed_connection, undefined) line 90 in context child_terminated
2017-03-07 11:36:42.513 [error] <0.217.0> gen_server <0.217.0> terminated with reason: no case clause matching <<"{:ok, '00:00:00:00:00:00:00:01'}">> in ofs_handler_logic:handle_call/3 line 173
2017-03-07 11:36:42.513 [error] <0.217.0> CRASH REPORT Process <0.217.0> with 0 neighbours exited with reason: no case clause matching <<"{:ok, '00:00:00:00:00:00:00:01'}">> in ofs_handler_logic:handle_call/3 line 173 in gen_server:terminate/7 line 826
2017-03-07 11:36:42.513 [error] <0.187.0> Supervisor ofs_handler_logic_sup had child undefined started with {ofs_handler_logic,start_link,undefined} at <0.217.0> exit with reason no case clause matching <<"{:ok, '00:00:00:00:00:00:00:01'}">> in ofs_handler_logic:handle_call/3 line 173 in context child_terminated
2017-03-07 11:36:42.514 [error] <0.216.0> gen_server <0.216.0> terminated with reason: no function clause matching ofs_handler_driver:terminate(driver_closed_connection, undefined) line 90
2017-03-07 11:36:42.514 [error] <0.216.0> CRASH REPORT Process <0.216.0> with 0 neighbours exited with reason: no function clause matching ofs_handler_driver:terminate(driver_closed_connection, undefined) line 90 in gen_server:terminate/7 line 814
2017-03-07 11:36:42.514 [error] <0.166.0> Supervisor of_driver_connection_sup had child undefined started with {of_driver_connection,start_link,undefined} at <0.216.0> exit with reason no function clause matching ofs_handler_driver:terminate(driver_closed_connection, undefined) line 90 in context child_terminated
2017-03-07 11:36:50.513 [error] <0.218.0> gen_server <0.218.0> terminated with reason: no function clause matching ofs_handler_driver:terminate(driver_closed_connection, undefined) line 90
2017-03-07 11:36:50.513 [error] <0.218.0> CRASH REPORT Process <0.218.0> with 0 neighbours exited with reason: no function clause matching ofs_handler_driver:terminate(driver_closed_connection, undefined) line 90 in gen_server:terminate/7 line 814
2017-03-07 11:36:50.513 [error] <0.166.0> Supervisor of_driver_connection_sup had child undefined started with {of_driver_connection,start_link,undefined} at <0.218.0> exit with reason no function clause matching ofs_handler_driver:terminate(driver_closed_connection, undefined) line 90 in context child_terminated
2017-03-07 11:36:58.513 [error] <0.220.0> gen_server <0.220.0> terminated with reason: no case clause matching <<"{:ok, '00:00:00:00:00:00:00:01'}">> in ofs_handler_logic:handle_call/3 line 173
2017-03-07 11:36:58.514 [error] <0.220.0> CRASH REPORT Process <0.220.0> with 0 neighbours exited with reason: no case clause matching <<"{:ok, '00:00:00:00:00:00:00:01'}">> in ofs_handler_logic:handle_call/3 line 173 in gen_server:terminate/7 line 826
2017-03-07 11:36:58.514 [error] <0.187.0> Supervisor ofs_handler_logic_sup had child undefined started with {ofs_handler_logic,start_link,undefined} at <0.220.0> exit with reason no case clause matching <<"{:ok, '00:00:00:00:00:00:00:01'}">> in ofs_handler_logic:handle_call/3 line 173 in context child_terminated
2017-03-07 11:36:58.514 [error] <0.219.0> gen_server <0.219.0> terminated with reason: no function clause matching ofs_handler_driver:terminate(driver_closed_connection, undefined) line 90
2017-03-07 11:36:58.515 [error] <0.219.0> CRASH REPORT Process <0.219.0> with 0 neighbours exited with reason: no function clause matching ofs_handler_driver:terminate(driver_closed_connection, undefined) line 90 in gen_server:terminate/7 line 814
2017-03-07 11:36:58.515 [error] <0.166.0> Supervisor of_driver_connection_sup had child undefined started with {of_driver_connection,start_link,undefined} at <0.219.0> exit with reason no function clause matching ofs_handler_driver:terminate(driver_closed_connection, undefined) line 90 in context child_terminated
2017-03-07 11:37:06.514 [error] <0.221.0> gen_server <0.221.0> terminated with reason: no function clause matching ofs_handler_driver:terminate(driver_closed_connection, undefined) line 90
2017-03-07 11:37:06.514 [error] <0.221.0> CRASH REPORT Process <0.221.0> with 0 neighbours exited with reason: no function clause matching ofs_handler_driver:terminate(driver_closed_connection, undefined) line 90 in gen_server:terminate/7 line 814
2017-03-07 11:37:06.515 [error] <0.166.0> Supervisor of_driver_connection_sup had child undefined started with {of_driver_connection,start_link,undefined} at <0.221.0> exit with reason no function clause matching ofs_handler_driver:terminate(driver_closed_connection, undefined) line 90 in context child_terminated
2017-03-07 11:37:14.513 [error] <0.223.0> gen_server <0.223.0> terminated with reason: no case clause matching <<"{:ok, '00:00:00:00:00:00:00:01'}">> in ofs_handler_logic:handle_call/3 line 173
2017-03-07 11:37:14.513 [error] <0.223.0> CRASH REPORT Process <0.223.0> with 0 neighbours exited with reason: no case clause matching <<"{:ok, '00:00:00:00:00:00:00:01'}">> in ofs_handler_logic:handle_call/3 line 173 in gen_server:terminate/7 line 826
2017-03-07 11:37:14.513 [error] <0.187.0> Supervisor ofs_handler_logic_sup had child undefined started with {ofs_handler_logic,start_link,undefined} at <0.223.0> exit with reason no case clause matching <<"{:ok, '00:00:00:00:00:00:00:01'}">> in ofs_handler_logic:handle_call/3 line 173 in context child_terminated
2017-03-07 11:37:14.514 [error] <0.222.0> gen_server <0.222.0> terminated with reason: no function clause matching ofs_handler_driver:terminate(driver_closed_connection, undefined) line 90
2017-03-07 11:37:14.514 [error] <0.222.0> CRASH REPORT Process <0.222.0> with 0 neighbours exited with reason: no function clause matching ofs_handler_driver:terminate(driver_closed_connection, undefined) line 90 in gen_server:terminate/7 line 814
2017-03-07 11:37:14.514 [error] <0.166.0> Supervisor of_driver_connection_sup had child undefined started with {of_driver_connection,start_link,undefined} at <0.222.0> exit with reason no function clause matching ofs_handler_driver:terminate(driver_closed_connection, undefined) line 90 in context child_terminated
2017-03-07 11:37:22.514 [error] <0.224.0> gen_server <0.224.0> terminated with reason: no function clause matching ofs_handler_driver:terminate(driver_closed_connection, undefined) line 90
2017-03-07 11:37:22.515 [error] <0.224.0> CRASH REPORT Process <0.224.0> with 0 neighbours exited with reason: no function clause matching ofs_handler_driver:terminate(driver_closed_connection, undefined) line 90 in gen_server:terminate/7 line 814
2017-03-07 11:37:22.515 [error] <0.166.0> Supervisor of_driver_connection_sup had child undefined started with {of_driver_connection,start_link,undefined} at <0.224.0> exit with reason no function clause matching ofs_handler_driver:terminate(driver_closed_connection, undefined) line 90 in context child_terminated
2017-03-07 11:37:30.511 [error] <0.226.0> gen_server <0.226.0> terminated with reason: no case clause matching <<"{:ok, '00:00:00:00:00:00:00:01'}">> in ofs_handler_logic:handle_call/3 line 173
2017-03-07 11:37:30.511 [error] <0.226.0> CRASH REPORT Process <0.226.0> with 0 neighbours exited with reason: no case clause matching <<"{:ok, '00:00:00:00:00:00:00:01'}">> in ofs_handler_logic:handle_call/3 line 173 in gen_server:terminate/7 line 826
2017-03-07 11:37:30.511 [error] <0.187.0> Supervisor ofs_handler_logic_sup had child undefined started with {ofs_handler_logic,start_link,undefined} at <0.226.0> exit with reason no case clause matching <<"{:ok, '00:00:00:00:00:00:00:01'}">> in ofs_handler_logic:handle_call/3 line 173 in context child_terminated
2017-03-07 11:37:30.511 [error] <0.225.0> gen_server <0.225.0> terminated with reason: no function clause matching ofs_handler_driver:terminate(driver_closed_connection, undefined) line 90
2017-03-07 11:37:30.512 [error] <0.225.0> CRASH REPORT Process <0.225.0> with 0 neighbours exited with reason: no function clause matching ofs_handler_driver:terminate(driver_closed_connection, undefined) line 90 in gen_server:terminate/7 line 814
2017-03-07 11:37:30.512 [error] <0.166.0> Supervisor of_driver_connection_sup had child undefined started with {of_driver_connection,start_link,undefined} at <0.225.0> exit with reason no function clause matching ofs_handler_driver:terminate(driver_closed_connection, undefined) line 90 in context child_terminated
2017-03-07 11:37:38.513 [error] <0.227.0> gen_server <0.227.0> terminated with reason: no function clause matching ofs_handler_driver:terminate(driver_closed_connection, undefined) line 90
2017-03-07 11:37:38.513 [error] <0.227.0> CRASH REPORT Process <0.227.0> with 0 neighbours exited with reason: no function clause matching ofs_handler_driver:terminate(driver_closed_connection, undefined) line 90 in gen_server:terminate/7 line 814
2017-03-07 11:37:38.513 [error] <0.166.0> Supervisor of_driver_connection_sup had child undefined started with {of_driver_connection,start_link,undefined} at <0.227.0> exit with reason no function clause matching ofs_handler_driver:terminate(driver_closed_connection, undefined) line 90 in context child_terminated
2017-03-07 11:37:46.512 [error] <0.229.0> gen_server <0.229.0> terminated with reason: no case clause matching <<"{:ok, '00:00:00:00:00:00:00:01'}">> in ofs_handler_logic:handle_call/3 line 173
2017-03-07 11:37:46.513 [error] <0.229.0> CRASH REPORT Process <0.229.0> with 0 neighbours exited with reason: no case clause matching <<"{:ok, '00:00:00:00:00:00:00:01'}">> in ofs_handler_logic:handle_call/3 line 173 in gen_server:terminate/7 line 826
2017-03-07 11:37:46.513 [error] <0.187.0> Supervisor ofs_handler_logic_sup had child undefined started with {ofs_handler_logic,start_link,undefined} at <0.229.0> exit with reason no case clause matching <<"{:ok, '00:00:00:00:00:00:00:01'}">> in ofs_handler_logic:handle_call/3 line 173 in context child_terminated
2017-03-07 11:37:46.513 [error] <0.228.0> gen_server <0.228.0> terminated with reason: no function clause matching ofs_handler_driver:terminate(driver_closed_connection, undefined) line 90
2017-03-07 11:37:46.514 [error] <0.228.0> CRASH REPORT Process <0.228.0> with 0 neighbours exited with reason: no function clause matching ofs_handler_driver:terminate(driver_closed_connection, undefined) line 90 in gen_server:terminate/7 line 814
2017-03-07 11:37:46.514 [error] <0.166.0> Supervisor of_driver_connection_sup had child undefined started with {of_driver_connection,start_link,undefined} at <0.228.0> exit with reason no function clause matching ofs_handler_driver:terminate(driver_closed_connection, undefined) line 90 in context child_terminated
2017-03-07 11:37:54.512 [error] <0.230.0> gen_server <0.230.0> terminated with reason: no function clause matching ofs_handler_driver:terminate(driver_closed_connection, undefined) line 90
2017-03-07 11:37:54.513 [error] <0.230.0> CRASH REPORT Process <0.230.0> with 0 neighbours exited with reason: no function clause matching ofs_handler_driver:terminate(driver_closed_connection, undefined) line 90 in gen_server:terminate/7 line 814
2017-03-07 11:37:54.513 [error] <0.166.0> Supervisor of_driver_connection_sup had child undefined started with {of_driver_connection,start_link,undefined} at <0.230.0> exit with reason no function clause matching ofs_handler_driver:terminate(driver_closed_connection, undefined) line 90 in context child_terminated
2017-03-07 11:38:02.514 [error] <0.232.0> gen_server <0.232.0> terminated with reason: no case clause matching <<"{:ok, '00:00:00:00:00:00:00:01'}">> in ofs_handler_logic:handle_call/3 line 173
2017-03-07 11:38:02.514 [error] <0.232.0> CRASH REPORT Process <0.232.0> with 0 neighbours exited with reason: no case clause matching <<"{:ok, '00:00:00:00:00:00:00:01'}">> in ofs_handler_logic:handle_call/3 line 173 in gen_server:terminate/7 line 826
2017-03-07 11:38:02.514 [error] <0.187.0> Supervisor ofs_handler_logic_sup had child undefined started with {ofs_handler_logic,start_link,undefined} at <0.232.0> exit with reason no case clause matching <<"{:ok, '00:00:00:00:00:00:00:01'}">> in ofs_handler_logic:handle_call/3 line 173 in context child_terminated
2017-03-07 11:38:02.515 [error] <0.231.0> gen_server <0.231.0> terminated with reason: no function clause matching ofs_handler_driver:terminate(driver_closed_connection, undefined) line 90
2017-03-07 11:38:02.515 [error] <0.231.0> CRASH REPORT Process <0.231.0> with 0 neighbours exited with reason: no function clause matching ofs_handler_driver:terminate(driver_closed_connection, undefined) line 90 in gen_server:terminate/7 line 814
2017-03-07 11:38:02.515 [error] <0.166.0> Supervisor of_driver_connection_sup had child undefined started with {of_driver_connection,start_link,undefined} at <0.231.0> exit with reason no function clause matching ofs_handler_driver:terminate(driver_closed_connection, undefined) line 90 in context child_terminated
2017-03-07 11:38:10.511 [error] <0.233.0> gen_server <0.233.0> terminated with reason: no function clause matching ofs_handler_driver:terminate(driver_closed_connection, undefined) line 90
2017-03-07 11:38:10.511 [error] <0.233.0> CRASH REPORT Process <0.233.0> with 0 neighbours exited with reason: no function clause matching ofs_handler_driver:terminate(driver_closed_connection, undefined) line 90 in gen_server:terminate/7 line 814
2017-03-07 11:38:10.512 [error] <0.166.0> Supervisor of_driver_connection_sup had child undefined started with {of_driver_connection,start_link,undefined} at <0.233.0> exit with reason no function clause matching ofs_handler_driver:terminate(driver_closed_connection, undefined) line 90 in context child_terminated
2017-03-07 11:38:18.515 [error] <0.235.0> gen_server <0.235.0> terminated with reason: no case clause matching <<"{:ok, '00:00:00:00:00:00:00:01'}">> in ofs_handler_logic:handle_call/3 line 173
2017-03-07 11:38:18.515 [error] <0.235.0> CRASH REPORT Process <0.235.0> with 0 neighbours exited with reason: no case clause matching <<"{:ok, '00:00:00:00:00:00:00:01'}">> in ofs_handler_logic:handle_call/3 line 173 in gen_server:terminate/7 line 826
2017-03-07 11:38:18.516 [error] <0.187.0> Supervisor ofs_handler_logic_sup had child undefined started with {ofs_handler_logic,start_link,undefined} at <0.235.0> exit with reason no case clause matching <<"{:ok, '00:00:00:00:00:00:00:01'}">> in ofs_handler_logic:handle_call/3 line 173 in context child_terminated
2017-03-07 11:38:18.516 [error] <0.234.0> gen_server <0.234.0> terminated with reason: no function clause matching ofs_handler_driver:terminate(driver_closed_connection, undefined) line 90
2017-03-07 11:38:18.517 [error] <0.234.0> CRASH REPORT Process <0.234.0> with 0 neighbours exited with reason: no function clause matching ofs_handler_driver:terminate(driver_closed_connection, undefined) line 90 in gen_server:terminate/7 line 814
2017-03-07 11:38:18.517 [error] <0.166.0> Supervisor of_driver_connection_sup had child undefined started with {of_driver_connection,start_link,undefined} at <0.234.0> exit with reason no function clause matching ofs_handler_driver:terminate(driver_closed_connection, undefined) line 90 in context child_terminated
2017-03-07 11:38:26.512 [error] <0.236.0> gen_server <0.236.0> terminated with reason: no function clause matching ofs_handler_driver:terminate(driver_closed_connection, undefined) line 90
2017-03-07 11:38:26.512 [error] <0.236.0> CRASH REPORT Process <0.236.0> with 0 neighbours exited with reason: no function clause matching ofs_handler_driver:terminate(driver_closed_connection, undefined) line 90 in gen_server:terminate/7 line 814
2017-03-07 11:38:26.513 [error] <0.166.0> Supervisor of_driver_connection_sup had child undefined started with {of_driver_connection,start_link,undefined} at <0.236.0> exit with reason no function clause matching ofs_handler_driver:terminate(driver_closed_connection, undefined) line 90 in context child_terminated
2017-03-07 11:39:02.526 [error] <0.268.0> gen_server <0.268.0> terminated with reason: no function clause matching ofs_handler_driver:terminate(driver_closed_connection, undefined) line 90
2017-03-07 11:39:02.527 [error] <0.268.0> CRASH REPORT Process <0.268.0> with 0 neighbours exited with reason: no function clause matching ofs_handler_driver:terminate(driver_closed_connection, undefined) line 90 in gen_server:terminate/7 line 814
2017-03-07 11:39:02.527 [error] <0.166.0> Supervisor of_driver_connection_sup had child undefined started with {of_driver_connection,start_link,undefined} at <0.268.0> exit with reason no function clause matching ofs_handler_driver:terminate(driver_closed_connection, undefined) line 90 in context child_terminated
2017-03-07 11:39:02.846 [error] <0.270.0> gen_server <0.270.0> terminated with reason: no case clause matching <<"{:ok, '00:00:00:00:00:00:00:01'}">> in ofs_handler_logic:handle_call/3 line 173
2017-03-07 11:39:02.846 [error] <0.270.0> CRASH REPORT Process <0.270.0> with 0 neighbours exited with reason: no case clause matching <<"{:ok, '00:00:00:00:00:00:00:01'}">> in ofs_handler_logic:handle_call/3 line 173 in gen_server:terminate/7 line 826
2017-03-07 11:39:02.846 [error] <0.187.0> Supervisor ofs_handler_logic_sup had child undefined started with {ofs_handler_logic,start_link,undefined} at <0.270.0> exit with reason no case clause matching <<"{:ok, '00:00:00:00:00:00:00:01'}">> in ofs_handler_logic:handle_call/3 line 173 in context child_terminated
2017-03-07 11:39:02.846 [error] <0.269.0> gen_server <0.269.0> terminated with reason: no function clause matching ofs_handler_driver:terminate(driver_closed_connection, undefined) line 90
2017-03-07 11:39:02.846 [error] <0.269.0> CRASH REPORT Process <0.269.0> with 0 neighbours exited with reason: no function clause matching ofs_handler_driver:terminate(driver_closed_connection, undefined) line 90 in gen_server:terminate/7 line 814
2017-03-07 11:39:02.846 [error] <0.166.0> Supervisor of_driver_connection_sup had child undefined started with {of_driver_connection,start_link,undefined} at <0.269.0> exit with reason no function clause matching ofs_handler_driver:terminate(driver_closed_connection, undefined) line 90 in context child_terminated
2017-03-07 11:45:55.649 [error] <0.279.0> gen_server <0.279.0> terminated with reason: no function clause matching ofs_handler_driver:terminate(driver_closed_connection, undefined) line 90
2017-03-07 11:45:55.649 [error] <0.279.0> CRASH REPORT Process <0.279.0> with 0 neighbours exited with reason: no function clause matching ofs_handler_driver:terminate(driver_closed_connection, undefined) line 90 in gen_server:terminate/7 line 814
2017-03-07 11:45:55.650 [error] <0.166.0> Supervisor of_driver_connection_sup had child undefined started with {of_driver_connection,start_link,undefined} at <0.279.0> exit with reason no function clause matching ofs_handler_driver:terminate(driver_closed_connection, undefined) line 90 in context child_terminated
2017-03-07 11:45:55.949 [error] <0.280.0> gen_server <0.280.0> terminated with reason: no function clause matching ofs_handler_driver:terminate(driver_closed_connection, undefined) line 90
2017-03-07 11:45:55.949 [error] <0.280.0> CRASH REPORT Process <0.280.0> with 0 neighbours exited with reason: no function clause matching ofs_handler_driver:terminate(driver_closed_connection, undefined) line 90 in gen_server:terminate/7 line 814
2017-03-07 11:45:55.949 [error] <0.166.0> Supervisor of_driver_connection_sup had child undefined started with {of_driver_connection,start_link,undefined} at <0.280.0> exit with reason no function clause matching ofs_handler_driver:terminate(driver_closed_connection, undefined) line 90 in context child_terminated
2017-03-07 11:45:56.510 [error] <0.282.0> gen_server <0.282.0> terminated with reason: no case clause matching <<"{:ok, '00:00:00:00:00:00:00:01'}">> in ofs_handler_logic:handle_call/3 line 173
2017-03-07 11:45:56.511 [error] <0.282.0> CRASH REPORT Process <0.282.0> with 0 neighbours exited with reason: no case clause matching <<"{:ok, '00:00:00:00:00:00:00:01'}">> in ofs_handler_logic:handle_call/3 line 173 in gen_server:terminate/7 line 826
2017-03-07 11:45:56.511 [error] <0.187.0> Supervisor ofs_handler_logic_sup had child undefined started with {ofs_handler_logic,start_link,undefined} at <0.282.0> exit with reason no case clause matching <<"{:ok, '00:00:00:00:00:00:00:01'}">> in ofs_handler_logic:handle_call/3 line 173 in context child_terminated
2017-03-07 11:45:56.512 [error] <0.281.0> gen_server <0.281.0> terminated with reason: no function clause matching ofs_handler_driver:terminate(driver_closed_connection, undefined) line 90
2017-03-07 11:45:56.512 [error] <0.281.0> CRASH REPORT Process <0.281.0> with 0 neighbours exited with reason: no function clause matching ofs_handler_driver:terminate(driver_closed_connection, undefined) line 90 in gen_server:terminate/7 line 814
2017-03-07 11:45:56.512 [error] <0.166.0> Supervisor of_driver_connection_sup had child undefined started with {of_driver_connection,start_link,undefined} at <0.281.0> exit with reason no function clause matching ofs_handler_driver:terminate(driver_closed_connection, undefined) line 90 in context child_terminated
2017-03-07 11:45:58.511 [error] <0.283.0> gen_server <0.283.0> terminated with reason: no function clause matching ofs_handler_driver:terminate(driver_closed_connection, undefined) line 90
2017-03-07 11:45:58.512 [error] <0.283.0> CRASH REPORT Process <0.283.0> with 0 neighbours exited with reason: no function clause matching ofs_handler_driver:terminate(driver_closed_connection, undefined) line 90 in gen_server:terminate/7 line 814
2017-03-07 11:45:58.512 [error] <0.166.0> Supervisor of_driver_connection_sup had child undefined started with {of_driver_connection,start_link,undefined} at <0.283.0> exit with reason no function clause matching ofs_handler_driver:terminate(driver_closed_connection, undefined) line 90 in context child_terminated
2017-03-07 11:46:02.511 [error] <0.285.0> gen_server <0.285.0> terminated with reason: no case clause matching <<"{:ok, '00:00:00:00:00:00:00:01'}">> in ofs_handler_logic:handle_call/3 line 173
2017-03-07 11:46:02.511 [error] <0.285.0> CRASH REPORT Process <0.285.0> with 0 neighbours exited with reason: no case clause matching <<"{:ok, '00:00:00:00:00:00:00:01'}">> in ofs_handler_logic:handle_call/3 line 173 in gen_server:terminate/7 line 826
2017-03-07 11:46:02.511 [error] <0.187.0> Supervisor ofs_handler_logic_sup had child undefined started with {ofs_handler_logic,start_link,undefined} at <0.285.0> exit with reason no case clause matching <<"{:ok, '00:00:00:00:00:00:00:01'}">> in ofs_handler_logic:handle_call/3 line 173 in context child_terminated
2017-03-07 11:46:02.512 [error] <0.284.0> gen_server <0.284.0> terminated with reason: no function clause matching ofs_handler_driver:terminate(driver_closed_connection, undefined) line 90
2017-03-07 11:46:02.512 [error] <0.284.0> CRASH REPORT Process <0.284.0> with 0 neighbours exited with reason: no function clause matching ofs_handler_driver:terminate(driver_closed_connection, undefined) line 90 in gen_server:terminate/7 line 814
2017-03-07 11:46:02.513 [error] <0.166.0> Supervisor of_driver_connection_sup had child undefined started with {of_driver_connection,start_link,undefined} at <0.284.0> exit with reason no function clause matching ofs_handler_driver:terminate(driver_closed_connection, undefined) line 90 in context child_terminated
2017-03-07 11:46:10.511 [error] <0.286.0> gen_server <0.286.0> terminated with reason: no function clause matching ofs_handler_driver:terminate(driver_closed_connection, undefined) line 90
2017-03-07 11:46:10.511 [error] <0.286.0> CRASH REPORT Process <0.286.0> with 0 neighbours exited with reason: no function clause matching ofs_handler_driver:terminate(driver_closed_connection, undefined) line 90 in gen_server:terminate/7 line 814
2017-03-07 11:46:10.512 [error] <0.166.0> Supervisor of_driver_connection_sup had child undefined started with {of_driver_connection,start_link,undefined} at <0.286.0> exit with reason no function clause matching ofs_handler_driver:terminate(driver_closed_connection, undefined) line 90 in context child_terminated
2017-03-07 11:46:18.511 [error] <0.288.0> gen_server <0.288.0> terminated with reason: no case clause matching <<"{:ok, '00:00:00:00:00:00:00:01'}">> in ofs_handler_logic:handle_call/3 line 173
2017-03-07 11:46:18.511 [error] <0.288.0> CRASH REPORT Process <0.288.0> with 0 neighbours exited with reason: no case clause matching <<"{:ok, '00:00:00:00:00:00:00:01'}">> in ofs_handler_logic:handle_call/3 line 173 in gen_server:terminate/7 line 826
2017-03-07 11:46:18.511 [error] <0.187.0> Supervisor ofs_handler_logic_sup had child undefined started with {ofs_handler_logic,start_link,undefined} at <0.288.0> exit with reason no case clause matching <<"{:ok, '00:00:00:00:00:00:00:01'}">> in ofs_handler_logic:handle_call/3 line 173 in context child_terminated
2017-03-07 11:46:18.512 [error] <0.287.0> gen_server <0.287.0> terminated with reason: no function clause matching ofs_handler_driver:terminate(driver_closed_connection, undefined) line 90
2017-03-07 11:46:18.512 [error] <0.287.0> CRASH REPORT Process <0.287.0> with 0 neighbours exited with reason: no function clause matching ofs_handler_driver:terminate(driver_closed_connection, undefined) line 90 in gen_server:terminate/7 line 814
2017-03-07 11:46:18.513 [error] <0.166.0> Supervisor of_driver_connection_sup had child undefined started with {of_driver_connection,start_link,undefined} at <0.287.0> exit with reason no function clause matching ofs_handler_driver:terminate(driver_closed_connection, undefined) line 90 in context child_terminated
2017-03-07 11:46:26.511 [error] <0.289.0> gen_server <0.289.0> terminated with reason: no function clause matching ofs_handler_driver:terminate(driver_closed_connection, undefined) line 90
2017-03-07 11:46:26.511 [error] <0.289.0> CRASH REPORT Process <0.289.0> with 0 neighbours exited with reason: no function clause matching ofs_handler_driver:terminate(driver_closed_connection, undefined) line 90 in gen_server:terminate/7 line 814
2017-03-07 11:46:26.512 [error] <0.166.0> Supervisor of_driver_connection_sup had child undefined started with {of_driver_connection,start_link,undefined} at <0.289.0> exit with reason no function clause matching ofs_handler_driver:terminate(driver_closed_connection, undefined) line 90 in context child_terminated
2017-03-07 11:46:34.513 [error] <0.291.0> gen_server <0.291.0> terminated with reason: no case clause matching <<"{:ok, '00:00:00:00:00:00:00:01'}">> in ofs_handler_logic:handle_call/3 line 173
2017-03-07 11:46:34.514 [error] <0.291.0> CRASH REPORT Process <0.291.0> with 0 neighbours exited with reason: no case clause matching <<"{:ok, '00:00:00:00:00:00:00:01'}">> in ofs_handler_logic:handle_call/3 line 173 in gen_server:terminate/7 line 826
2017-03-07 11:46:34.514 [error] <0.187.0> Supervisor ofs_handler_logic_sup had child undefined started with {ofs_handler_logic,start_link,undefined} at <0.291.0> exit with reason no case clause matching <<"{:ok, '00:00:00:00:00:00:00:01'}">> in ofs_handler_logic:handle_call/3 line 173 in context child_terminated
2017-03-07 11:46:34.515 [error] <0.290.0> gen_server <0.290.0> terminated with reason: no function clause matching ofs_handler_driver:terminate(driver_closed_connection, undefined) line 90
2017-03-07 11:46:34.515 [error] <0.290.0> CRASH REPORT Process <0.290.0> with 0 neighbours exited with reason: no function clause matching ofs_handler_driver:terminate(driver_closed_connection, undefined) line 90 in gen_server:terminate/7 line 814
2017-03-07 11:46:34.515 [error] <0.166.0> Supervisor of_driver_connection_sup had child undefined started with {of_driver_connection,start_link,undefined} at <0.290.0> exit with reason no function clause matching ofs_handler_driver:terminate(driver_closed_connection, undefined) line 90 in context child_terminated
2017-03-07 11:46:42.512 [error] <0.292.0> gen_server <0.292.0> terminated with reason: no function clause matching ofs_handler_driver:terminate(driver_closed_connection, undefined) line 90
2017-03-07 11:46:42.512 [error] <0.292.0> CRASH REPORT Process <0.292.0> with 0 neighbours exited with reason: no function clause matching ofs_handler_driver:terminate(driver_closed_connection, undefined) line 90 in gen_server:terminate/7 line 814
2017-03-07 11:46:42.512 [error] <0.166.0> Supervisor of_driver_connection_sup had child undefined started with {of_driver_connection,start_link,undefined} at <0.292.0> exit with reason no function clause matching ofs_handler_driver:terminate(driver_closed_connection, undefined) line 90 in context child_terminated
2017-03-07 11:46:50.510 [error] <0.294.0> gen_server <0.294.0> terminated with reason: no case clause matching <<"{:ok, '00:00:00:00:00:00:00:01'}">> in ofs_handler_logic:handle_call/3 line 173
2017-03-07 11:46:50.511 [error] <0.294.0> CRASH REPORT Process <0.294.0> with 0 neighbours exited with reason: no case clause matching <<"{:ok, '00:00:00:00:00:00:00:01'}">> in ofs_handler_logic:handle_call/3 line 173 in gen_server:terminate/7 line 826
2017-03-07 11:46:50.511 [error] <0.187.0> Supervisor ofs_handler_logic_sup had child undefined started with {ofs_handler_logic,start_link,undefined} at <0.294.0> exit with reason no case clause matching <<"{:ok, '00:00:00:00:00:00:00:01'}">> in ofs_handler_logic:handle_call/3 line 173 in context child_terminated
2017-03-07 11:46:50.511 [error] <0.293.0> gen_server <0.293.0> terminated with reason: no function clause matching ofs_handler_driver:terminate(driver_closed_connection, undefined) line 90
2017-03-07 11:46:50.511 [error] <0.293.0> CRASH REPORT Process <0.293.0> with 0 neighbours exited with reason: no function clause matching ofs_handler_driver:terminate(driver_closed_connection, undefined) line 90 in gen_server:terminate/7 line 814
2017-03-07 11:46:50.512 [error] <0.166.0> Supervisor of_driver_connection_sup had child undefined started with {of_driver_connection,start_link,undefined} at <0.293.0> exit with reason no function clause matching ofs_handler_driver:terminate(driver_closed_connection, undefined) line 90 in context child_terminated
2017-03-07 11:46:58.511 [error] <0.295.0> gen_server <0.295.0> terminated with reason: no function clause matching ofs_handler_driver:terminate(driver_closed_connection, undefined) line 90
2017-03-07 11:46:58.512 [error] <0.295.0> CRASH REPORT Process <0.295.0> with 0 neighbours exited with reason: no function clause matching ofs_handler_driver:terminate(driver_closed_connection, undefined) line 90 in gen_server:terminate/7 line 814
2017-03-07 11:46:58.512 [error] <0.166.0> Supervisor of_driver_connection_sup had child undefined started with {of_driver_connection,start_link,undefined} at <0.295.0> exit with reason no function clause matching ofs_handler_driver:terminate(driver_closed_connection, undefined) line 90 in context child_terminated
2017-03-07 11:47:06.510 [error] <0.297.0> gen_server <0.297.0> terminated with reason: no case clause matching <<"{:ok, '00:00:00:00:00:00:00:01'}">> in ofs_handler_logic:handle_call/3 line 173
2017-03-07 11:47:06.510 [error] <0.297.0> CRASH REPORT Process <0.297.0> with 0 neighbours exited with reason: no case clause matching <<"{:ok, '00:00:00:00:00:00:00:01'}">> in ofs_handler_logic:handle_call/3 line 173 in gen_server:terminate/7 line 826
2017-03-07 11:47:06.511 [error] <0.187.0> Supervisor ofs_handler_logic_sup had child undefined started with {ofs_handler_logic,start_link,undefined} at <0.297.0> exit with reason no case clause matching <<"{:ok, '00:00:00:00:00:00:00:01'}">> in ofs_handler_logic:handle_call/3 line 173 in context child_terminated
2017-03-07 11:47:06.511 [error] <0.296.0> gen_server <0.296.0> terminated with reason: no function clause matching ofs_handler_driver:terminate(driver_closed_connection, undefined) line 90
2017-03-07 11:47:06.511 [error] <0.296.0> CRASH REPORT Process <0.296.0> with 0 neighbours exited with reason: no function clause matching ofs_handler_driver:terminate(driver_closed_connection, undefined) line 90 in gen_server:terminate/7 line 814
2017-03-07 11:47:06.512 [error] <0.166.0> Supervisor of_driver_connection_sup had child undefined started with {of_driver_connection,start_link,undefined} at <0.296.0> exit with reason no function clause matching ofs_handler_driver:terminate(driver_closed_connection, undefined) line 90 in context child_terminated
2017-03-07 11:47:14.511 [error] <0.298.0> gen_server <0.298.0> terminated with reason: no function clause matching ofs_handler_driver:terminate(driver_closed_connection, undefined) line 90
2017-03-07 11:47:14.512 [error] <0.298.0> CRASH REPORT Process <0.298.0> with 0 neighbours exited with reason: no function clause matching ofs_handler_driver:terminate(driver_closed_connection, undefined) line 90 in gen_server:terminate/7 line 814
2017-03-07 11:47:14.512 [error] <0.166.0> Supervisor of_driver_connection_sup had child undefined started with {of_driver_connection,start_link,undefined} at <0.298.0> exit with reason no function clause matching ofs_handler_driver:terminate(driver_closed_connection, undefined) line 90 in context child_terminated
2017-03-07 11:47:22.510 [error] <0.300.0> gen_server <0.300.0> terminated with reason: no case clause matching <<"{:ok, '00:00:00:00:00:00:00:01'}">> in ofs_handler_logic:handle_call/3 line 173
2017-03-07 11:47:22.510 [error] <0.300.0> CRASH REPORT Process <0.300.0> with 0 neighbours exited with reason: no case clause matching <<"{:ok, '00:00:00:00:00:00:00:01'}">> in ofs_handler_logic:handle_call/3 line 173 in gen_server:terminate/7 line 826
2017-03-07 11:47:22.510 [error] <0.187.0> Supervisor ofs_handler_logic_sup had child undefined started with {ofs_handler_logic,start_link,undefined} at <0.300.0> exit with reason no case clause matching <<"{:ok, '00:00:00:00:00:00:00:01'}">> in ofs_handler_logic:handle_call/3 line 173 in context child_terminated
2017-03-07 11:47:22.511 [error] <0.299.0> gen_server <0.299.0> terminated with reason: no function clause matching ofs_handler_driver:terminate(driver_closed_connection, undefined) line 90
2017-03-07 11:47:22.511 [error] <0.299.0> CRASH REPORT Process <0.299.0> with 0 neighbours exited with reason: no function clause matching ofs_handler_driver:terminate(driver_closed_connection, undefined) line 90 in gen_server:terminate/7 line 814
2017-03-07 11:47:22.512 [error] <0.166.0> Supervisor of_driver_connection_sup had child undefined started with {of_driver_connection,start_link,undefined} at <0.299.0> exit with reason no function clause matching ofs_handler_driver:terminate(driver_closed_connection, undefined) line 90 in context child_terminated
2017-03-07 11:47:30.514 [error] <0.301.0> gen_server <0.301.0> terminated with reason: no function clause matching ofs_handler_driver:terminate(driver_closed_connection, undefined) line 90
2017-03-07 11:47:30.515 [error] <0.301.0> CRASH REPORT Process <0.301.0> with 0 neighbours exited with reason: no function clause matching ofs_handler_driver:terminate(driver_closed_connection, undefined) line 90 in gen_server:terminate/7 line 814
2017-03-07 11:47:30.515 [error] <0.166.0> Supervisor of_driver_connection_sup had child undefined started with {of_driver_connection,start_link,undefined} at <0.301.0> exit with reason no function clause matching ofs_handler_driver:terminate(driver_closed_connection, undefined) line 90 in context child_terminated
2017-03-07 11:47:38.511 [error] <0.303.0> gen_server <0.303.0> terminated with reason: no case clause matching <<"{:ok, '00:00:00:00:00:00:00:01'}">> in ofs_handler_logic:handle_call/3 line 173
2017-03-07 11:47:38.511 [error] <0.303.0> CRASH REPORT Process <0.303.0> with 0 neighbours exited with reason: no case clause matching <<"{:ok, '00:00:00:00:00:00:00:01'}">> in ofs_handler_logic:handle_call/3 line 173 in gen_server:terminate/7 line 826
2017-03-07 11:47:38.512 [error] <0.187.0> Supervisor ofs_handler_logic_sup had child undefined started with {ofs_handler_logic,start_link,undefined} at <0.303.0> exit with reason no case clause matching <<"{:ok, '00:00:00:00:00:00:00:01'}">> in ofs_handler_logic:handle_call/3 line 173 in context child_terminated
2017-03-07 11:47:38.512 [error] <0.302.0> gen_server <0.302.0> terminated with reason: no function clause matching ofs_handler_driver:terminate(driver_closed_connection, undefined) line 90
2017-03-07 11:47:38.513 [error] <0.302.0> CRASH REPORT Process <0.302.0> with 0 neighbours exited with reason: no function clause matching ofs_handler_driver:terminate(driver_closed_connection, undefined) line 90 in gen_server:terminate/7 line 814
2017-03-07 11:47:38.513 [error] <0.166.0> Supervisor of_driver_connection_sup had child undefined started with {of_driver_connection,start_link,undefined} at <0.302.0> exit with reason no function clause matching ofs_handler_driver:terminate(driver_closed_connection, undefined) line 90 in context child_terminated
2017-03-07 11:47:46.511 [error] <0.304.0> gen_server <0.304.0> terminated with reason: no function clause matching ofs_handler_driver:terminate(driver_closed_connection, undefined) line 90
2017-03-07 11:47:46.511 [error] <0.304.0> CRASH REPORT Process <0.304.0> with 0 neighbours exited with reason: no function clause matching ofs_handler_driver:terminate(driver_closed_connection, undefined) line 90 in gen_server:terminate/7 line 814
2017-03-07 11:47:46.511 [error] <0.166.0> Supervisor of_driver_connection_sup had child undefined started with {of_driver_connection,start_link,undefined} at <0.304.0> exit with reason no function clause matching ofs_handler_driver:terminate(driver_closed_connection, undefined) line 90 in context child_terminated
2017-03-07 11:47:54.511 [error] <0.307.0> gen_server <0.307.0> terminated with reason: no case clause matching <<"{:ok, '00:00:00:00:00:00:00:01'}">> in ofs_handler_logic:handle_call/3 line 173
2017-03-07 11:47:54.511 [error] <0.307.0> CRASH REPORT Process <0.307.0> with 0 neighbours exited with reason: no case clause matching <<"{:ok, '00:00:00:00:00:00:00:01'}">> in ofs_handler_logic:handle_call/3 line 173 in gen_server:terminate/7 line 826
2017-03-07 11:47:54.511 [error] <0.187.0> Supervisor ofs_handler_logic_sup had child undefined started with {ofs_handler_logic,start_link,undefined} at <0.307.0> exit with reason no case clause matching <<"{:ok, '00:00:00:00:00:00:00:01'}">> in ofs_handler_logic:handle_call/3 line 173 in context child_terminated
2017-03-07 11:47:54.511 [error] <0.306.0> gen_server <0.306.0> terminated with reason: no function clause matching ofs_handler_driver:terminate(driver_closed_connection, undefined) line 90
2017-03-07 11:47:54.512 [error] <0.306.0> CRASH REPORT Process <0.306.0> with 0 neighbours exited with reason: no function clause matching ofs_handler_driver:terminate(driver_closed_connection, undefined) line 90 in gen_server:terminate/7 line 814
2017-03-07 11:47:54.512 [error] <0.166.0> Supervisor of_driver_connection_sup had child undefined started with {of_driver_connection,start_link,undefined} at <0.306.0> exit with reason no function clause matching ofs_handler_driver:terminate(driver_closed_connection, undefined) line 90 in context child_terminated
2017-03-07 11:48:02.511 [error] <0.308.0> gen_server <0.308.0> terminated with reason: no function clause matching ofs_handler_driver:terminate(driver_closed_connection, undefined) line 90
2017-03-07 11:48:02.511 [error] <0.308.0> CRASH REPORT Process <0.308.0> with 0 neighbours exited with reason: no function clause matching ofs_handler_driver:terminate(driver_closed_connection, undefined) line 90 in gen_server:terminate/7 line 814
2017-03-07 11:48:02.512 [error] <0.166.0> Supervisor of_driver_connection_sup had child undefined started with {of_driver_connection,start_link,undefined} at <0.308.0> exit with reason no function clause matching ofs_handler_driver:terminate(driver_closed_connection, undefined) line 90 in context child_terminated
2017-03-07 11:48:10.512 [error] <0.310.0> gen_server <0.310.0> terminated with reason: no case clause matching <<"{:ok, '00:00:00:00:00:00:00:01'}">> in ofs_handler_logic:handle_call/3 line 173
2017-03-07 11:48:10.512 [error] <0.310.0> CRASH REPORT Process <0.310.0> with 0 neighbours exited with reason: no case clause matching <<"{:ok, '00:00:00:00:00:00:00:01'}">> in ofs_handler_logic:handle_call/3 line 173 in gen_server:terminate/7 line 826
2017-03-07 11:48:10.513 [error] <0.187.0> Supervisor ofs_handler_logic_sup had child undefined started with {ofs_handler_logic,start_link,undefined} at <0.310.0> exit with reason no case clause matching <<"{:ok, '00:00:00:00:00:00:00:01'}">> in ofs_handler_logic:handle_call/3 line 173 in context child_terminated
2017-03-07 11:48:10.513 [error] <0.309.0> gen_server <0.309.0> terminated with reason: no function clause matching ofs_handler_driver:terminate(driver_closed_connection, undefined) line 90
2017-03-07 11:48:10.513 [error] <0.309.0> CRASH REPORT Process <0.309.0> with 0 neighbours exited with reason: no function clause matching ofs_handler_driver:terminate(driver_closed_connection, undefined) line 90 in gen_server:terminate/7 line 814
2017-03-07 11:48:10.514 [error] <0.166.0> Supervisor of_driver_connection_sup had child undefined started with {of_driver_connection,start_link,undefined} at <0.309.0> exit with reason no function clause matching ofs_handler_driver:terminate(driver_closed_connection, undefined) line 90 in context child_terminated
2017-03-07 11:48:18.512 [error] <0.311.0> gen_server <0.311.0> terminated with reason: no function clause matching ofs_handler_driver:terminate(driver_closed_connection, undefined) line 90
2017-03-07 11:48:18.512 [error] <0.311.0> CRASH REPORT Process <0.311.0> with 0 neighbours exited with reason: no function clause matching ofs_handler_driver:terminate(driver_closed_connection, undefined) line 90 in gen_server:terminate/7 line 814
2017-03-07 11:48:18.513 [error] <0.166.0> Supervisor of_driver_connection_sup had child undefined started with {of_driver_connection,start_link,undefined} at <0.311.0> exit with reason no function clause matching ofs_handler_driver:terminate(driver_closed_connection, undefined) line 90 in context child_terminated
2017-03-07 11:48:26.512 [error] <0.313.0> gen_server <0.313.0> terminated with reason: no case clause matching <<"{:ok, '00:00:00:00:00:00:00:01'}">> in ofs_handler_logic:handle_call/3 line 173
2017-03-07 11:48:26.512 [error] <0.313.0> CRASH REPORT Process <0.313.0> with 0 neighbours exited with reason: no case clause matching <<"{:ok, '00:00:00:00:00:00:00:01'}">> in ofs_handler_logic:handle_call/3 line 173 in gen_server:terminate/7 line 826
2017-03-07 11:48:26.513 [error] <0.187.0> Supervisor ofs_handler_logic_sup had child undefined started with {ofs_handler_logic,start_link,undefined} at <0.313.0> exit with reason no case clause matching <<"{:ok, '00:00:00:00:00:00:00:01'}">> in ofs_handler_logic:handle_call/3 line 173 in context child_terminated
2017-03-07 11:48:26.513 [error] <0.312.0> gen_server <0.312.0> terminated with reason: no function clause matching ofs_handler_driver:terminate(driver_closed_connection, undefined) line 90
2017-03-07 11:48:26.513 [error] <0.312.0> CRASH REPORT Process <0.312.0> with 0 neighbours exited with reason: no function clause matching ofs_handler_driver:terminate(driver_closed_connection, undefined) line 90 in gen_server:terminate/7 line 814
2017-03-07 11:48:26.514 [error] <0.166.0> Supervisor of_driver_connection_sup had child undefined started with {of_driver_connection,start_link,undefined} at <0.312.0> exit with reason no function clause matching ofs_handler_driver:terminate(driver_closed_connection, undefined) line 90 in context child_terminated
2017-03-07 11:48:34.511 [error] <0.314.0> gen_server <0.314.0> terminated with reason: no function clause matching ofs_handler_driver:terminate(driver_closed_connection, undefined) line 90
2017-03-07 11:48:34.511 [error] <0.314.0> CRASH REPORT Process <0.314.0> with 0 neighbours exited with reason: no function clause matching ofs_handler_driver:terminate(driver_closed_connection, undefined) line 90 in gen_server:terminate/7 line 814
2017-03-07 11:48:34.511 [error] <0.166.0> Supervisor of_driver_connection_sup had child undefined started with {of_driver_connection,start_link,undefined} at <0.314.0> exit with reason no function clause matching ofs_handler_driver:terminate(driver_closed_connection, undefined) line 90 in context child_terminated
2017-03-07 11:48:42.510 [error] <0.316.0> gen_server <0.316.0> terminated with reason: no case clause matching <<"{:ok, '00:00:00:00:00:00:00:01'}">> in ofs_handler_logic:handle_call/3 line 173
2017-03-07 11:48:42.510 [error] <0.316.0> CRASH REPORT Process <0.316.0> with 0 neighbours exited with reason: no case clause matching <<"{:ok, '00:00:00:00:00:00:00:01'}">> in ofs_handler_logic:handle_call/3 line 173 in gen_server:terminate/7 line 826
2017-03-07 11:48:42.510 [error] <0.187.0> Supervisor ofs_handler_logic_sup had child undefined started with {ofs_handler_logic,start_link,undefined} at <0.316.0> exit with reason no case clause matching <<"{:ok, '00:00:00:00:00:00:00:01'}">> in ofs_handler_logic:handle_call/3 line 173 in context child_terminated
2017-03-07 11:48:42.511 [error] <0.315.0> gen_server <0.315.0> terminated with reason: no function clause matching ofs_handler_driver:terminate(driver_closed_connection, undefined) line 90
2017-03-07 11:48:42.511 [error] <0.315.0> CRASH REPORT Process <0.315.0> with 0 neighbours exited with reason: no function clause matching ofs_handler_driver:terminate(driver_closed_connection, undefined) line 90 in gen_server:terminate/7 line 814
2017-03-07 11:48:42.511 [error] <0.166.0> Supervisor of_driver_connection_sup had child undefined started with {of_driver_connection,start_link,undefined} at <0.315.0> exit with reason no function clause matching ofs_handler_driver:terminate(driver_closed_connection, undefined) line 90 in context child_terminated
2017-03-07 11:48:50.511 [error] <0.317.0> gen_server <0.317.0> terminated with reason: no function clause matching ofs_handler_driver:terminate(driver_closed_connection, undefined) line 90
2017-03-07 11:48:50.511 [error] <0.317.0> CRASH REPORT Process <0.317.0> with 0 neighbours exited with reason: no function clause matching ofs_handler_driver:terminate(driver_closed_connection, undefined) line 90 in gen_server:terminate/7 line 814
2017-03-07 11:48:50.511 [error] <0.166.0> Supervisor of_driver_connection_sup had child undefined started with {of_driver_connection,start_link,undefined} at <0.317.0> exit with reason no function clause matching ofs_handler_driver:terminate(driver_closed_connection, undefined) line 90 in context child_terminated
2017-03-07 11:48:58.510 [error] <0.319.0> gen_server <0.319.0> terminated with reason: no case clause matching <<"{:ok, '00:00:00:00:00:00:00:01'}">> in ofs_handler_logic:handle_call/3 line 173
2017-03-07 11:48:58.510 [error] <0.319.0> CRASH REPORT Process <0.319.0> with 0 neighbours exited with reason: no case clause matching <<"{:ok, '00:00:00:00:00:00:00:01'}">> in ofs_handler_logic:handle_call/3 line 173 in gen_server:terminate/7 line 826
2017-03-07 11:48:58.510 [error] <0.187.0> Supervisor ofs_handler_logic_sup had child undefined started with {ofs_handler_logic,start_link,undefined} at <0.319.0> exit with reason no case clause matching <<"{:ok, '00:00:00:00:00:00:00:01'}">> in ofs_handler_logic:handle_call/3 line 173 in context child_terminated
2017-03-07 11:48:58.511 [error] <0.318.0> gen_server <0.318.0> terminated with reason: no function clause matching ofs_handler_driver:terminate(driver_closed_connection, undefined) line 90
2017-03-07 11:48:58.511 [error] <0.318.0> CRASH REPORT Process <0.318.0> with 0 neighbours exited with reason: no function clause matching ofs_handler_driver:terminate(driver_closed_connection, undefined) line 90 in gen_server:terminate/7 line 814
2017-03-07 11:48:58.511 [error] <0.166.0> Supervisor of_driver_connection_sup had child undefined started with {of_driver_connection,start_link,undefined} at <0.318.0> exit with reason no function clause matching ofs_handler_driver:terminate(driver_closed_connection, undefined) line 90 in context child_terminated
2017-03-07 11:49:06.512 [error] <0.320.0> gen_server <0.320.0> terminated with reason: no function clause matching ofs_handler_driver:terminate(driver_closed_connection, undefined) line 90
2017-03-07 11:49:06.512 [error] <0.320.0> CRASH REPORT Process <0.320.0> with 0 neighbours exited with reason: no function clause matching ofs_handler_driver:terminate(driver_closed_connection, undefined) line 90 in gen_server:terminate/7 line 814
2017-03-07 11:49:06.512 [error] <0.166.0> Supervisor of_driver_connection_sup had child undefined started with {of_driver_connection,start_link,undefined} at <0.320.0> exit with reason no function clause matching ofs_handler_driver:terminate(driver_closed_connection, undefined) line 90 in context child_terminated
2017-03-07 11:49:14.511 [error] <0.322.0> gen_server <0.322.0> terminated with reason: no case clause matching <<"{:ok, '00:00:00:00:00:00:00:01'}">> in ofs_handler_logic:handle_call/3 line 173
2017-03-07 11:49:14.511 [error] <0.322.0> CRASH REPORT Process <0.322.0> with 0 neighbours exited with reason: no case clause matching <<"{:ok, '00:00:00:00:00:00:00:01'}">> in ofs_handler_logic:handle_call/3 line 173 in gen_server:terminate/7 line 826
2017-03-07 11:49:14.511 [error] <0.187.0> Supervisor ofs_handler_logic_sup had child undefined started with {ofs_handler_logic,start_link,undefined} at <0.322.0> exit with reason no case clause matching <<"{:ok, '00:00:00:00:00:00:00:01'}">> in ofs_handler_logic:handle_call/3 line 173 in context child_terminated
2017-03-07 11:49:14.512 [error] <0.321.0> gen_server <0.321.0> terminated with reason: no function clause matching ofs_handler_driver:terminate(driver_closed_connection, undefined) line 90
2017-03-07 11:49:14.512 [error] <0.321.0> CRASH REPORT Process <0.321.0> with 0 neighbours exited with reason: no function clause matching ofs_handler_driver:terminate(driver_closed_connection, undefined) line 90 in gen_server:terminate/7 line 814
2017-03-07 11:49:14.512 [error] <0.166.0> Supervisor of_driver_connection_sup had child undefined started with {of_driver_connection,start_link,undefined} at <0.321.0> exit with reason no function clause matching ofs_handler_driver:terminate(driver_closed_connection, undefined) line 90 in context child_terminated
2017-03-07 11:49:22.508 [error] <0.323.0> gen_server <0.323.0> terminated with reason: no function clause matching ofs_handler_driver:terminate(driver_closed_connection, undefined) line 90
2017-03-07 11:49:22.508 [error] <0.323.0> CRASH REPORT Process <0.323.0> with 0 neighbours exited with reason: no function clause matching ofs_handler_driver:terminate(driver_closed_connection, undefined) line 90 in gen_server:terminate/7 line 814
2017-03-07 11:49:22.509 [error] <0.166.0> Supervisor of_driver_connection_sup had child undefined started with {of_driver_connection,start_link,undefined} at <0.323.0> exit with reason no function clause matching ofs_handler_driver:terminate(driver_closed_connection, undefined) line 90 in context child_terminated
2017-03-07 11:49:30.510 [error] <0.325.0> gen_server <0.325.0> terminated with reason: no case clause matching <<"{:ok, '00:00:00:00:00:00:00:01'}">> in ofs_handler_logic:handle_call/3 line 173
2017-03-07 11:49:30.510 [error] <0.325.0> CRASH REPORT Process <0.325.0> with 0 neighbours exited with reason: no case clause matching <<"{:ok, '00:00:00:00:00:00:00:01'}">> in ofs_handler_logic:handle_call/3 line 173 in gen_server:terminate/7 line 826
2017-03-07 11:49:30.511 [error] <0.187.0> Supervisor ofs_handler_logic_sup had child undefined started with {ofs_handler_logic,start_link,undefined} at <0.325.0> exit with reason no case clause matching <<"{:ok, '00:00:00:00:00:00:00:01'}">> in ofs_handler_logic:handle_call/3 line 173 in context child_terminated
2017-03-07 11:49:30.511 [error] <0.324.0> gen_server <0.324.0> terminated with reason: no function clause matching ofs_handler_driver:terminate(driver_closed_connection, undefined) line 90
2017-03-07 11:49:30.511 [error] <0.324.0> CRASH REPORT Process <0.324.0> with 0 neighbours exited with reason: no function clause matching ofs_handler_driver:terminate(driver_closed_connection, undefined) line 90 in gen_server:terminate/7 line 814
2017-03-07 11:49:30.511 [error] <0.166.0> Supervisor of_driver_connection_sup had child undefined started with {of_driver_connection,start_link,undefined} at <0.324.0> exit with reason no function clause matching ofs_handler_driver:terminate(driver_closed_connection, undefined) line 90 in context child_terminated
2017-03-07 11:49:38.510 [error] <0.326.0> gen_server <0.326.0> terminated with reason: no function clause matching ofs_handler_driver:terminate(driver_closed_connection, undefined) line 90
2017-03-07 11:49:38.510 [error] <0.326.0> CRASH REPORT Process <0.326.0> with 0 neighbours exited with reason: no function clause matching ofs_handler_driver:terminate(driver_closed_connection, undefined) line 90 in gen_server:terminate/7 line 814
2017-03-07 11:49:38.510 [error] <0.166.0> Supervisor of_driver_connection_sup had child undefined started with {of_driver_connection,start_link,undefined} at <0.326.0> exit with reason no function clause matching ofs_handler_driver:terminate(driver_closed_connection, undefined) line 90 in context child_terminated
2017-03-07 11:49:46.511 [error] <0.328.0> gen_server <0.328.0> terminated with reason: no case clause matching <<"{:ok, '00:00:00:00:00:00:00:01'}">> in ofs_handler_logic:handle_call/3 line 173
2017-03-07 11:49:46.512 [error] <0.328.0> CRASH REPORT Process <0.328.0> with 0 neighbours exited with reason: no case clause matching <<"{:ok, '00:00:00:00:00:00:00:01'}">> in ofs_handler_logic:handle_call/3 line 173 in gen_server:terminate/7 line 826
2017-03-07 11:49:46.512 [error] <0.187.0> Supervisor ofs_handler_logic_sup had child undefined started with {ofs_handler_logic,start_link,undefined} at <0.328.0> exit with reason no case clause matching <<"{:ok, '00:00:00:00:00:00:00:01'}">> in ofs_handler_logic:handle_call/3 line 173 in context child_terminated
2017-03-07 11:49:46.513 [error] <0.327.0> gen_server <0.327.0> terminated with reason: no function clause matching ofs_handler_driver:terminate(driver_closed_connection, undefined) line 90
2017-03-07 11:49:46.514 [error] <0.327.0> CRASH REPORT Process <0.327.0> with 0 neighbours exited with reason: no function clause matching ofs_handler_driver:terminate(driver_closed_connection, undefined) line 90 in gen_server:terminate/7 line 814
2017-03-07 11:49:46.514 [error] <0.166.0> Supervisor of_driver_connection_sup had child undefined started with {of_driver_connection,start_link,undefined} at <0.327.0> exit with reason no function clause matching ofs_handler_driver:terminate(driver_closed_connection, undefined) line 90 in context child_terminated
2017-03-07 11:51:30.084 [error] <0.137.0> Supervisor 'Elixir.Logger.Supervisor' had child undefined started with 'Elixir.Logger.Watcher':watcher(error_logger, 'Elixir.Logger.ErrorHandler', {true,false,500}) at <0.142.0> exit with reason normal in context child_terminated
